<?xml version="1.0" encoding="UTF-8"?>
<testng-results skipped="1" failed="0" total="1" passed="0">
  <reporter-output>
  </reporter-output>
  <suite name="Default suite" duration-ms="340" started-at="2019-02-05T08:46:09Z" finished-at="2019-02-05T08:46:10Z">
    <groups>
    </groups>
    <test name="Default test" duration-ms="340" started-at="2019-02-05T08:46:09Z" finished-at="2019-02-05T08:46:10Z">
      <class name="com.test.flamco.testcases.SelectTest">
        <test-method status="SKIP" signature="navigatetoSelect(java.util.Hashtable)[pri:0, instance:com.test.flamco.testcases.SelectTest@3eb25e1a]" name="navigatetoSelect" duration-ms="16" started-at="2019-02-05T14:16:09Z" data-provider="getData" finished-at="2019-02-05T14:16:09Z">
          <params>
            <param index="0">
              <value>
                <![CDATA[{FlowTemperature=100.0, Runmode=Y, ReturnTemperature=90.0, TotalOutput=1000.0, Browser=Chrome}]]>
              </value>
            </param>
          </params>
          <exception class="org.testng.SkipException">
            <message>
              <![CDATA[Skipping the test as Runmode is N]]>
            </message>
            <full-stacktrace>
              <![CDATA[org.testng.SkipException: Skipping the test as Runmode is N
	at com.test.flamco.testcases.SelectTest.navigatetoSelect(SelectTest.java:28)
	at sun.reflect.NativeMethodAccessorImpl.invoke0(Native Method)
	at sun.reflect.NativeMethodAccessorImpl.invoke(Unknown Source)
	at sun.reflect.DelegatingMethodAccessorImpl.invoke(Unknown Source)
	at java.lang.reflect.Method.invoke(Unknown Source)
	at org.testng.internal.MethodInvocationHelper.invokeMethod(MethodInvocationHelper.java:85)
	at org.testng.internal.Invoker.invokeMethod(Invoker.java:639)
	at org.testng.internal.Invoker.invokeTestMethod(Invoker.java:816)
	at org.testng.internal.Invoker.invokeTestMethods(Invoker.java:1124)
	at org.testng.internal.TestMethodWorker.invokeTestMethods(TestMethodWorker.java:125)
	at org.testng.internal.TestMethodWorker.run(TestMethodWorker.java:108)
	at org.testng.TestRunner.privateRun(TestRunner.java:774)
	at org.testng.TestRunner.run(TestRunner.java:624)
	at org.testng.SuiteRunner.runTest(SuiteRunner.java:359)
	at org.testng.SuiteRunner.runSequentially(SuiteRunner.java:354)
	at org.testng.SuiteRunner.privateRun(SuiteRunner.java:312)
	at org.testng.SuiteRunner.run(SuiteRunner.java:261)
	at org.testng.SuiteRunnerWorker.runSuite(SuiteRunnerWorker.java:52)
	at org.testng.SuiteRunnerWorker.run(SuiteRunnerWorker.java:86)
	at org.testng.TestNG.runSuitesSequentially(TestNG.java:1215)
	at org.testng.TestNG.runSuitesLocally(TestNG.java:1140)
	at org.testng.TestNG.run(TestNG.java:1048)
	at org.testng.remote.AbstractRemoteTestNG.run(AbstractRemoteTestNG.java:114)
	at org.testng.remote.RemoteTestNG.initAndRun(RemoteTestNG.java:251)
	at org.testng.remote.RemoteTestNG.main(RemoteTestNG.java:77)
]]>
            </full-stacktrace>
          </exception> <!-- org.testng.SkipException -->
          <reporter-output>
          </reporter-output>
        </test-method> <!-- navigatetoSelect -->
        <test-method status="PASS" signature="quit()[pri:0, instance:com.test.flamco.testcases.SelectTest@3eb25e1a]" name="quit" is-config="true" duration-ms="278" started-at="2019-02-05T14:16:09Z" finished-at="2019-02-05T14:16:10Z">
          <reporter-output>
          </reporter-output>
        </test-method> <!-- quit -->
      </class> <!-- com.test.flamco.testcases.SelectTest -->
    </test> <!-- Default test -->
  </suite> <!-- Default suite -->
</testng-results>
